<?xml version="1.0" encoding="UTF-8"?>
<!-- Generated by org.testng.reporters.JUnitReportReporter -->
<testsuite hostname="LT-921986" failures="0" tests="3" name="testcases.SchemaTests" time="1.556" errors="0" timestamp="2025-09-30T00:15:40 IST" skipped="0">
  <testcase classname="testcases.SchemaTests" name="testUserSchema" time="0.542"/>
  <testcase classname="testcases.SchemaTests" name="testCartSchema" time="0.624"/>
  <testcase classname="testcases.SchemaTests" name="testProductSchema" time="0.390"/>
</testsuite> <!-- testcases.SchemaTests -->
